<?xml version="1.0" encoding="UTF-8"?>
<!-- Generated by org.testng.reporters.JUnitXMLReporter -->
<testsuite ignored="0" hostname="DESKTOP-2SKVUE2" failures="0" tests="3" name="MyTest" time="36.848" errors="0" timestamp="2024-08-18T20:20:14 IST">
  <testcase classname="testcases.LoginPageTest" name="LoginToAppTest" time="3.888"/>
  <testcase classname="testcases.LoginPageTest" name="VerifyTitleofApplicationTest" time="0.111"/>
  <testcase classname="testcases.LoginPageTest" name="VerifyURLofApplicationTest" time="0.071"/>
</testsuite> <!-- MyTest -->
