<?xml version="1.0" encoding="UTF-8"?>
<!-- Generated by org.testng.reporters.JUnitXMLReporter -->
<testsuite ignored="0" hostname="DESKTOP-2SKVUE2" failures="0" tests="13" name="Default test" time="122.972" errors="0" timestamp="2024-08-18T19:51:18 IST">
  <testcase classname="testcases.InventoryPageTest" name="add4Product" time="4.18"/>
  <testcase classname="testcases.InventoryPageTest" name="removeProduct" time="6.992"/>
  <testcase classname="testcases.InventoryPageTest" name="verifyIcon" time="0.075"/>
  <testcase classname="testcases.InventoryPageTest" name="verifyTitle" time="0.048"/>
  <testcase classname="testcases.VerifyMultiCreadTest" name="verifyMultiCredentialsTest" time="5.611"/>
  <testcase classname="testcases.VerifyMultiCreadTest" name="verifyMultiCredentialsTest" time="0.557"/>
  <testcase classname="testcases.VerifyMultiCreadTest" name="verifyMultiCredentialsTest" time="0.643"/>
  <testcase classname="testcases.VerifyMultiCreadTest" name="verifyMultiCredentialsTest" time="6.04"/>
  <testcase classname="testcases.VerifyMultiCreadTest" name="verifyMultiCredentialsTest" time="0.769"/>
  <testcase classname="testcases.VerifyMultiCreadTest" name="verifyMultiCredentialsTest" time="0.751"/>
  <testcase classname="testcases.LoginPageTest" name="LoginToAppTest" time="1.511"/>
  <testcase classname="testcases.LoginPageTest" name="VerifyTitleofApplicationTest" time="1.119"/>
  <testcase classname="testcases.LoginPageTest" name="VerifyURLofApplicationTest" time="1.247"/>
</testsuite> <!-- Default test -->
