<?xml version="1.0" encoding="UTF-8"?>
<!-- Generated by org.testng.reporters.JUnitXMLReporter -->
<testsuite ignored="0" hostname="DESKTOP-2SKVUE2" failures="0" tests="3" name="Default test" time="23.255" errors="0" timestamp="2024-08-18T10:36:04 IST">
  <testcase classname="testcases.LoginPageTest" name="LoginToAppTest" time="3.86"/>
  <testcase classname="testcases.LoginPageTest" name="VerifyTitleofApplicationTest" time="0.119"/>
  <testcase classname="testcases.LoginPageTest" name="VerifyURLofApplicationTest" time="0.114"/>
</testsuite> <!-- Default test -->
