<?xml version="1.0" encoding="UTF-8"?>
<testng-results ignored="0" total="3" passed="3" failed="0" skipped="0">
  <reporter-output>
    <line>
      <![CDATA[Url of swag lab =https://www.saucedemo.com/]]>
    </line>
  </reporter-output>
  <suite started-at="2024-08-18T20:19:37 IST" name="MyTestSuite" finished-at="2024-08-18T20:20:14 IST" duration-ms="36848">
    <groups>
    </groups>
    <test started-at="2024-08-18T20:19:37 IST" name="MyTest" finished-at="2024-08-18T20:20:14 IST" duration-ms="36848">
      <class name="testcases.LoginPageTest">
        <test-method is-config="true" signature="setup()[pri:0, instance:testcases.LoginPageTest@3e44f2a5]" started-at="2024-08-18T20:19:37 IST" name="setup" finished-at="2024-08-18T20:19:46 IST" duration-ms="8123" status="PASS">
          <reporter-output>
          </reporter-output>
        </test-method> <!-- setup -->
        <test-method signature="LoginToAppTest()[pri:0, instance:testcases.LoginPageTest@3e44f2a5]" started-at="2024-08-18T20:19:46 IST" name="LoginToAppTest" finished-at="2024-08-18T20:19:49 IST" duration-ms="3888" status="PASS">
          <reporter-output>
          </reporter-output>
        </test-method> <!-- LoginToAppTest -->
        <test-method is-config="true" signature="tearDown(org.testng.ITestResult)[pri:0, instance:testcases.LoginPageTest@3e44f2a5]" started-at="2024-08-18T20:19:49 IST" name="tearDown" finished-at="2024-08-18T20:19:50 IST" duration-ms="322" status="PASS">
          <params>
            <param index="0">
              <value>
                <![CDATA[[TestResult name=LoginToAppTest status=SUCCESS method=LoginPageTest.LoginToAppTest()[pri:0, instance:testcases.LoginPageTest@3e44f2a5] output={null}]]]>
              </value>
            </param>
          </params>
          <reporter-output>
          </reporter-output>
        </test-method> <!-- tearDown -->
        <test-method is-config="true" signature="setup()[pri:0, instance:testcases.LoginPageTest@3e44f2a5]" started-at="2024-08-18T20:19:50 IST" name="setup" finished-at="2024-08-18T20:19:58 IST" duration-ms="8328" status="PASS">
          <reporter-output>
          </reporter-output>
        </test-method> <!-- setup -->
        <test-method signature="VerifyTitleofApplicationTest()[pri:0, instance:testcases.LoginPageTest@3e44f2a5]" started-at="2024-08-18T20:19:58 IST" name="VerifyTitleofApplicationTest" finished-at="2024-08-18T20:19:58 IST" duration-ms="111" status="PASS">
          <reporter-output>
          </reporter-output>
        </test-method> <!-- VerifyTitleofApplicationTest -->
        <test-method is-config="true" signature="tearDown(org.testng.ITestResult)[pri:0, instance:testcases.LoginPageTest@3e44f2a5]" started-at="2024-08-18T20:19:58 IST" name="tearDown" finished-at="2024-08-18T20:19:59 IST" duration-ms="440" status="PASS">
          <params>
            <param index="0">
              <value>
                <![CDATA[[TestResult name=VerifyTitleofApplicationTest status=SUCCESS method=LoginPageTest.VerifyTitleofApplicationTest()[pri:0, instance:testcases.LoginPageTest@3e44f2a5] output={null}]]]>
              </value>
            </param>
          </params>
          <reporter-output>
          </reporter-output>
        </test-method> <!-- tearDown -->
        <test-method is-config="true" signature="setup()[pri:0, instance:testcases.LoginPageTest@3e44f2a5]" started-at="2024-08-18T20:19:59 IST" name="setup" finished-at="2024-08-18T20:20:14 IST" duration-ms="15273" status="PASS">
          <reporter-output>
          </reporter-output>
        </test-method> <!-- setup -->
        <test-method signature="VerifyURLofApplicationTest()[pri:0, instance:testcases.LoginPageTest@3e44f2a5]" started-at="2024-08-18T20:20:14 IST" name="VerifyURLofApplicationTest" finished-at="2024-08-18T20:20:14 IST" duration-ms="71" status="PASS">
          <reporter-output>
            <line>
              <![CDATA[Url of swag lab =https://www.saucedemo.com/]]>
            </line>
          </reporter-output>
        </test-method> <!-- VerifyURLofApplicationTest -->
        <test-method is-config="true" signature="tearDown(org.testng.ITestResult)[pri:0, instance:testcases.LoginPageTest@3e44f2a5]" started-at="2024-08-18T20:20:14 IST" name="tearDown" finished-at="2024-08-18T20:20:14 IST" duration-ms="153" status="PASS">
          <params>
            <param index="0">
              <value>
                <![CDATA[[TestResult name=VerifyURLofApplicationTest status=SUCCESS method=LoginPageTest.VerifyURLofApplicationTest()[pri:0, instance:testcases.LoginPageTest@3e44f2a5] output=Url of swag lab =https://www.saucedemo.com/]]]>
              </value>
            </param>
          </params>
          <reporter-output>
          </reporter-output>
        </test-method> <!-- tearDown -->
      </class> <!-- testcases.LoginPageTest -->
    </test> <!-- MyTest -->
  </suite> <!-- MyTestSuite -->
</testng-results>
