<?xml version="1.0" encoding="UTF-8"?>
<testng-results ignored="0" total="6" passed="6" failed="0" skipped="0">
  <reporter-output>
  </reporter-output>
  <suite started-at="2024-08-18T18:06:14 IST" name="Default suite" finished-at="2024-08-18T18:07:01 IST" duration-ms="46812">
    <groups>
    </groups>
    <test started-at="2024-08-18T18:06:14 IST" name="Default test" finished-at="2024-08-18T18:07:01 IST" duration-ms="46812">
      <class name="testcases.VerifyMultiCreadTest">
        <test-method is-config="true" signature="setup()[pri:0, instance:testcases.VerifyMultiCreadTest@1cb346ea]" started-at="2024-08-18T18:06:14 IST" name="setup" finished-at="2024-08-18T18:06:19 IST" duration-ms="4858" status="PASS">
          <reporter-output>
          </reporter-output>
        </test-method> <!-- setup -->
        <test-method signature="verifyMultiCredentialsTest(java.lang.String,java.lang.String)[pri:0, instance:testcases.VerifyMultiCreadTest@1cb346ea]" started-at="2024-08-18T18:06:19 IST" name="verifyMultiCredentialsTest" data-provider="Validation" finished-at="2024-08-18T18:06:20 IST" duration-ms="1570" status="PASS">
          <params>
            <param index="0">
              <value>
                <![CDATA[standard_user]]>
              </value>
            </param>
            <param index="1">
              <value>
                <![CDATA[secret_sauce]]>
              </value>
            </param>
          </params>
          <reporter-output>
          </reporter-output>
        </test-method> <!-- verifyMultiCredentialsTest -->
        <test-method is-config="true" signature="tearDown(org.testng.ITestResult)[pri:0, instance:testcases.VerifyMultiCreadTest@1cb346ea]" started-at="2024-08-18T18:06:20 IST" name="tearDown" finished-at="2024-08-18T18:06:21 IST" duration-ms="425" status="PASS">
          <params>
            <param index="0">
              <value>
                <![CDATA[[TestResult name=verifyMultiCredentialsTest status=SUCCESS method=VerifyMultiCreadTest.verifyMultiCredentialsTest(java.lang.String,java.lang.String)[pri:0, instance:testcases.VerifyMultiCreadTest@1cb346ea] output={null}]]]>
              </value>
            </param>
          </params>
          <reporter-output>
          </reporter-output>
        </test-method> <!-- tearDown -->
        <test-method is-config="true" signature="setup()[pri:0, instance:testcases.VerifyMultiCreadTest@1cb346ea]" started-at="2024-08-18T18:06:21 IST" name="setup" finished-at="2024-08-18T18:06:25 IST" duration-ms="3928" status="PASS">
          <reporter-output>
          </reporter-output>
        </test-method> <!-- setup -->
        <test-method signature="verifyMultiCredentialsTest(java.lang.String,java.lang.String)[pri:0, instance:testcases.VerifyMultiCreadTest@1cb346ea]" started-at="2024-08-18T18:06:25 IST" name="verifyMultiCredentialsTest" data-provider="Validation" finished-at="2024-08-18T18:06:25 IST" duration-ms="439" status="PASS">
          <params>
            <param index="0">
              <value>
                <![CDATA[standard_user]]>
              </value>
            </param>
            <param index="1">
              <value>
                <![CDATA[secret_sauce]]>
              </value>
            </param>
          </params>
          <reporter-output>
          </reporter-output>
        </test-method> <!-- verifyMultiCredentialsTest -->
        <test-method is-config="true" signature="tearDown(org.testng.ITestResult)[pri:0, instance:testcases.VerifyMultiCreadTest@1cb346ea]" started-at="2024-08-18T18:06:25 IST" name="tearDown" finished-at="2024-08-18T18:06:26 IST" duration-ms="310" status="PASS">
          <params>
            <param index="0">
              <value>
                <![CDATA[[TestResult name=verifyMultiCredentialsTest status=SUCCESS method=VerifyMultiCreadTest.verifyMultiCredentialsTest(java.lang.String,java.lang.String)[pri:0, instance:testcases.VerifyMultiCreadTest@1cb346ea] output={null}]]]>
              </value>
            </param>
          </params>
          <reporter-output>
          </reporter-output>
        </test-method> <!-- tearDown -->
        <test-method is-config="true" signature="setup()[pri:0, instance:testcases.VerifyMultiCreadTest@1cb346ea]" started-at="2024-08-18T18:06:26 IST" name="setup" finished-at="2024-08-18T18:06:30 IST" duration-ms="4241" status="PASS">
          <reporter-output>
          </reporter-output>
        </test-method> <!-- setup -->
        <test-method signature="verifyMultiCredentialsTest(java.lang.String,java.lang.String)[pri:0, instance:testcases.VerifyMultiCreadTest@1cb346ea]" started-at="2024-08-18T18:06:30 IST" name="verifyMultiCredentialsTest" data-provider="Validation" finished-at="2024-08-18T18:06:30 IST" duration-ms="462" status="PASS">
          <params>
            <param index="0">
              <value>
                <![CDATA[problem_user]]>
              </value>
            </param>
            <param index="1">
              <value>
                <![CDATA[secret_sauce]]>
              </value>
            </param>
          </params>
          <reporter-output>
          </reporter-output>
        </test-method> <!-- verifyMultiCredentialsTest -->
        <test-method is-config="true" signature="tearDown(org.testng.ITestResult)[pri:0, instance:testcases.VerifyMultiCreadTest@1cb346ea]" started-at="2024-08-18T18:06:30 IST" name="tearDown" finished-at="2024-08-18T18:06:31 IST" duration-ms="443" status="PASS">
          <params>
            <param index="0">
              <value>
                <![CDATA[[TestResult name=verifyMultiCredentialsTest status=SUCCESS method=VerifyMultiCreadTest.verifyMultiCredentialsTest(java.lang.String,java.lang.String)[pri:0, instance:testcases.VerifyMultiCreadTest@1cb346ea] output={null}]]]>
              </value>
            </param>
          </params>
          <reporter-output>
          </reporter-output>
        </test-method> <!-- tearDown -->
        <test-method is-config="true" signature="setup()[pri:0, instance:testcases.VerifyMultiCreadTest@1cb346ea]" started-at="2024-08-18T18:06:31 IST" name="setup" finished-at="2024-08-18T18:06:36 IST" duration-ms="5233" status="PASS">
          <reporter-output>
          </reporter-output>
        </test-method> <!-- setup -->
        <test-method signature="verifyMultiCredentialsTest(java.lang.String,java.lang.String)[pri:0, instance:testcases.VerifyMultiCreadTest@1cb346ea]" started-at="2024-08-18T18:06:36 IST" name="verifyMultiCredentialsTest" data-provider="Validation" finished-at="2024-08-18T18:06:42 IST" duration-ms="5711" status="PASS">
          <params>
            <param index="0">
              <value>
                <![CDATA[performance_glitch_user]]>
              </value>
            </param>
            <param index="1">
              <value>
                <![CDATA[secret_sauce]]>
              </value>
            </param>
          </params>
          <reporter-output>
          </reporter-output>
        </test-method> <!-- verifyMultiCredentialsTest -->
        <test-method is-config="true" signature="tearDown(org.testng.ITestResult)[pri:0, instance:testcases.VerifyMultiCreadTest@1cb346ea]" started-at="2024-08-18T18:06:42 IST" name="tearDown" finished-at="2024-08-18T18:06:42 IST" duration-ms="651" status="PASS">
          <params>
            <param index="0">
              <value>
                <![CDATA[[TestResult name=verifyMultiCredentialsTest status=SUCCESS method=VerifyMultiCreadTest.verifyMultiCredentialsTest(java.lang.String,java.lang.String)[pri:0, instance:testcases.VerifyMultiCreadTest@1cb346ea] output={null}]]]>
              </value>
            </param>
          </params>
          <reporter-output>
          </reporter-output>
        </test-method> <!-- tearDown -->
        <test-method is-config="true" signature="setup()[pri:0, instance:testcases.VerifyMultiCreadTest@1cb346ea]" started-at="2024-08-18T18:06:42 IST" name="setup" finished-at="2024-08-18T18:06:49 IST" duration-ms="6752" status="PASS">
          <reporter-output>
          </reporter-output>
        </test-method> <!-- setup -->
        <test-method signature="verifyMultiCredentialsTest(java.lang.String,java.lang.String)[pri:0, instance:testcases.VerifyMultiCreadTest@1cb346ea]" started-at="2024-08-18T18:06:49 IST" name="verifyMultiCredentialsTest" data-provider="Validation" finished-at="2024-08-18T18:06:51 IST" duration-ms="2241" status="PASS">
          <params>
            <param index="0">
              <value>
                <![CDATA[error_user]]>
              </value>
            </param>
            <param index="1">
              <value>
                <![CDATA[secret_sauce]]>
              </value>
            </param>
          </params>
          <reporter-output>
          </reporter-output>
        </test-method> <!-- verifyMultiCredentialsTest -->
        <test-method is-config="true" signature="tearDown(org.testng.ITestResult)[pri:0, instance:testcases.VerifyMultiCreadTest@1cb346ea]" started-at="2024-08-18T18:06:51 IST" name="tearDown" finished-at="2024-08-18T18:06:53 IST" duration-ms="1213" status="PASS">
          <params>
            <param index="0">
              <value>
                <![CDATA[[TestResult name=verifyMultiCredentialsTest status=SUCCESS method=VerifyMultiCreadTest.verifyMultiCredentialsTest(java.lang.String,java.lang.String)[pri:0, instance:testcases.VerifyMultiCreadTest@1cb346ea] output={null}]]]>
              </value>
            </param>
          </params>
          <reporter-output>
          </reporter-output>
        </test-method> <!-- tearDown -->
        <test-method is-config="true" signature="setup()[pri:0, instance:testcases.VerifyMultiCreadTest@1cb346ea]" started-at="2024-08-18T18:06:53 IST" name="setup" finished-at="2024-08-18T18:06:59 IST" duration-ms="6802" status="PASS">
          <reporter-output>
          </reporter-output>
        </test-method> <!-- setup -->
        <test-method signature="verifyMultiCredentialsTest(java.lang.String,java.lang.String)[pri:0, instance:testcases.VerifyMultiCreadTest@1cb346ea]" started-at="2024-08-18T18:06:59 IST" name="verifyMultiCredentialsTest" data-provider="Validation" finished-at="2024-08-18T18:07:00 IST" duration-ms="519" status="PASS">
          <params>
            <param index="0">
              <value>
                <![CDATA[visual_user]]>
              </value>
            </param>
            <param index="1">
              <value>
                <![CDATA[secret_sauce]]>
              </value>
            </param>
          </params>
          <reporter-output>
          </reporter-output>
        </test-method> <!-- verifyMultiCredentialsTest -->
        <test-method is-config="true" signature="tearDown(org.testng.ITestResult)[pri:0, instance:testcases.VerifyMultiCreadTest@1cb346ea]" started-at="2024-08-18T18:07:00 IST" name="tearDown" finished-at="2024-08-18T18:07:01 IST" duration-ms="938" status="PASS">
          <params>
            <param index="0">
              <value>
                <![CDATA[[TestResult name=verifyMultiCredentialsTest status=SUCCESS method=VerifyMultiCreadTest.verifyMultiCredentialsTest(java.lang.String,java.lang.String)[pri:0, instance:testcases.VerifyMultiCreadTest@1cb346ea] output={null}]]]>
              </value>
            </param>
          </params>
          <reporter-output>
          </reporter-output>
        </test-method> <!-- tearDown -->
      </class> <!-- testcases.VerifyMultiCreadTest -->
    </test> <!-- Default test -->
  </suite> <!-- Default suite -->
</testng-results>
